<?xml version="1.0" encoding="UTF-8"?>
<!-- Generated by org.testng.reporters.JUnitReportReporter -->
<testsuite skipped="1" hostname="Waynes-MacBook-Pro-2.local" name="TestNG.CopyOfTestNGClass" tests="1" failures="0" timestamp="15 Feb 2017 11:55:48 GMT" time="0.000" errors="0">
  <testcase name="calculatepercent" time="0.000" classname="TestNG.CopyOfTestNGClass">
    <skipped/>
  </testcase> <!-- calculatepercent -->
</testsuite> <!-- TestNG.CopyOfTestNGClass -->
