<?xml version="1.0" encoding="UTF-8"?>
<!-- Generated by org.testng.reporters.JUnitReportReporter -->
<testsuite skipped="0" hostname="Waynes-MacBook-Pro-2.local" name="captureScreenshot.FacebookScreenshot" tests="1" failures="0" timestamp="27 Oct 2016 10:47:14 GMT" time="9.066" errors="0">
  <testcase name="captureScreenshot" time="9.066" classname="captureScreenshot.FacebookScreenshot"/>
</testsuite> <!-- captureScreenshot.FacebookScreenshot -->
